<?xml version="1.0" encoding="utf-8"?>
<testsuites disabled="0" errors="0" failures="2" tests="4" time="3.6014991980046034">
	<testsuite disabled="0" errors="0" failures="2" name="schemathesis" skipped="3" tests="4" time="3.6014991980046034" hostname="LAPTOP-20GLQINI">
		<testcase name="GET /books" time="0.789967">
			<failure type="failure" message="1. Test Case ID: zEBy85

- Missing header not rejected

    Got 401 when missing required 'X-API-Key' header, expected 406

[401] Unauthorized:

    `{&quot;error&quot;:&quot;Unauthorized&quot;,&quot;message&quot;:&quot;Missing X-API-Key header&quot;}`

Reproduce with:

    curl -X GET http://localhost:8000/books"/>
			<skipped type="skipped">No examples in schema</skipped>
		</testcase>
		<testcase name="GET /status" time="0.011676">
			<skipped type="skipped">No examples in schema</skipped>
		</testcase>
		<testcase name="GET /books/{id}" time="1.590974">
			<failure type="failure" message="1. Test Case ID: VwcpSc

- Missing header not rejected

    Got 401 when missing required 'X-API-Key' header, expected 406

[401] Unauthorized:

    `{&quot;error&quot;:&quot;Unauthorized&quot;,&quot;message&quot;:&quot;Missing X-API-Key header&quot;}`

Reproduce with:

    curl -X GET http://localhost:8000/books/0"/>
			<skipped type="skipped">No examples in schema</skipped>
		</testcase>
		<testcase name="Stateful tests" time="1.208882"/>
	</testsuite>
</testsuites>
