<?xml version="1.0" encoding="utf-8"?>
<testsuites disabled="0" errors="0" failures="2" tests="4" time="1.4298468699917066">
	<testsuite disabled="0" errors="0" failures="2" name="schemathesis" skipped="3" tests="4" time="1.4298468699917066" hostname="LAPTOP-20GLQINI">
		<testcase name="GET /books" time="0.092231">
			<failure type="failure" message="1. Test Case ID: cjpr6M

- API rejected schema-compliant request

    Valid data should have been accepted
    Expected: 2xx, 401, 403, 404, 409, 5xx

[406] Not Acceptable:

    `{&quot;error&quot;:&quot;NotAcceptable&quot;,&quot;message&quot;:&quot;Missing X-API-Key header&quot;}`

Reproduce with:

    curl -X GET -H 'X-API-Key: [Filtered]' http://localhost:8000/books"/>
			<skipped type="skipped">No examples in schema</skipped>
		</testcase>
		<testcase name="GET /status" time="0.012737">
			<skipped type="skipped">No examples in schema</skipped>
		</testcase>
		<testcase name="GET /books/{id}" time="0.013043">
			<failure type="failure" message="1. Test Case ID: DLyMPz

- API rejected schema-compliant request

    Valid data should have been accepted
    Expected: 2xx, 401, 403, 404, 409, 5xx

[406] Not Acceptable:

    `{&quot;error&quot;:&quot;NotAcceptable&quot;,&quot;message&quot;:&quot;Missing X-API-Key header&quot;}`

Reproduce with:

    curl -X GET -H 'X-API-Key: [Filtered]' http://localhost:8000/books/0"/>
			<skipped type="skipped">No examples in schema</skipped>
		</testcase>
		<testcase name="Stateful tests" time="1.311836"/>
	</testsuite>
</testsuites>
